28-Mar-2019 11:09:22.569 정보 [main] org.apache.catalina.startup.VersionLoggerListener.log 서버 버전 이름:        Apache Tomcat/9.0.17
28-Mar-2019 11:09:22.635 정보 [main] org.apache.catalina.startup.VersionLoggerListener.log Server 빌드 시각:          Mar 13 2019 15:55:27 UTC
28-Mar-2019 11:09:22.638 정보 [main] org.apache.catalina.startup.VersionLoggerListener.log Server 버전 번호:         9.0.17.0
28-Mar-2019 11:09:22.641 정보 [main] org.apache.catalina.startup.VersionLoggerListener.log 운영체제 이름:               Windows 7
28-Mar-2019 11:09:22.644 정보 [main] org.apache.catalina.startup.VersionLoggerListener.log 운영체제 버전:            6.1
28-Mar-2019 11:09:22.646 정보 [main] org.apache.catalina.startup.VersionLoggerListener.log 아키텍처:          amd64
28-Mar-2019 11:09:22.648 정보 [main] org.apache.catalina.startup.VersionLoggerListener.log 자바 홈:             C:\Program Files\Java\jdk1.8.0_201\jre
28-Mar-2019 11:09:22.652 정보 [main] org.apache.catalina.startup.VersionLoggerListener.log JVM 버전:           1.8.0_201-b09
28-Mar-2019 11:09:22.654 정보 [main] org.apache.catalina.startup.VersionLoggerListener.log JVM 벤더:            Oracle Corporation
28-Mar-2019 11:09:22.657 정보 [main] org.apache.catalina.startup.VersionLoggerListener.log CATALINA_BASE:         C:\FrontEndBackEnd\WEB\Utils\apache-tomcat-9.0.17
28-Mar-2019 11:09:22.659 정보 [main] org.apache.catalina.startup.VersionLoggerListener.log CATALINA_HOME:         C:\FrontEndBackEnd\WEB\Utils\apache-tomcat-9.0.17
28-Mar-2019 11:09:22.661 정보 [main] org.apache.catalina.startup.VersionLoggerListener.log 명령 행 아규먼트: -Djava.util.logging.config.file=C:\FrontEndBackEnd\WEB\Utils\apache-tomcat-9.0.17\conf\logging.properties
28-Mar-2019 11:09:22.664 정보 [main] org.apache.catalina.startup.VersionLoggerListener.log 명령 행 아규먼트: -Djava.util.logging.manager=org.apache.juli.ClassLoaderLogManager
28-Mar-2019 11:09:22.667 정보 [main] org.apache.catalina.startup.VersionLoggerListener.log 명령 행 아규먼트: -Djdk.tls.ephemeralDHKeySize=2048
28-Mar-2019 11:09:22.669 정보 [main] org.apache.catalina.startup.VersionLoggerListener.log 명령 행 아규먼트: -Djava.protocol.handler.pkgs=org.apache.catalina.webresources
28-Mar-2019 11:09:22.672 정보 [main] org.apache.catalina.startup.VersionLoggerListener.log 명령 행 아규먼트: -Dignore.endorsed.dirs=
28-Mar-2019 11:09:22.675 정보 [main] org.apache.catalina.startup.VersionLoggerListener.log 명령 행 아규먼트: -Dcatalina.base=C:\FrontEndBackEnd\WEB\Utils\apache-tomcat-9.0.17
28-Mar-2019 11:09:22.678 정보 [main] org.apache.catalina.startup.VersionLoggerListener.log 명령 행 아규먼트: -Dcatalina.home=C:\FrontEndBackEnd\WEB\Utils\apache-tomcat-9.0.17
28-Mar-2019 11:09:22.681 정보 [main] org.apache.catalina.startup.VersionLoggerListener.log 명령 행 아규먼트: -Djava.io.tmpdir=C:\FrontEndBackEnd\WEB\Utils\apache-tomcat-9.0.17\temp
28-Mar-2019 11:09:22.683 정보 [main] org.apache.catalina.core.AprLifecycleListener.lifecycleEvent 프로덕션 환경들에서 최적의 성능을 제공하는, APR 기반 Apache Tomcat Native 라이브러리가, 다음 java.library.path에서 발견되지 않습니다: [C:\Program Files\Java\jdk1.8.0_201\bin;C:\Windows\Sun\Java\bin;C:\Windows\system32;C:\Windows;C:\oraclexe\app\oracle\product\11.2.0\server\bin;;C:\Program Files (x86)\Common Files\Oracle\Java\javapath;C:\Program Files (x86)\Common Files\Oracle\Java\javapath%;SystemRoot%;\system32;C:\Windows;C:\Windows;\System32;\Wbem;C:\Windows;\System32\WindowsPowerShell\v1.0\bin;C:\Program Files\Java\jdk1.8.0_201\bin;C:\Program Files\Git\cmd;C:\Users\USER\AppData\Local\GitHubDesktop\bin;C:\Windows\System32;;C:\Program Files\JetBrains\DataGrip 2018.3.4\bin;;C:\Program Files\JetBrains\IntelliJ IDEA Educational Edition 2018.3.1\bin;;C:\Users\USER\AppData\Local\Programs\Microsoft VS Code\bin;.]
28-Mar-2019 11:09:23.161 정보 [main] org.apache.coyote.AbstractProtocol.init 프로토콜 핸들러 ["http-nio-8080"]을(를) 초기화합니다.
28-Mar-2019 11:09:23.267 심각 [main] org.apache.catalina.util.LifecycleBase.handleSubClassException 구성요소 [Connector[HTTP/1.1-8080]]을(를) 초기화하지 못했습니다.
 org.apache.catalina.LifecycleException: 프로토콜 핸들러 초기화가 실패했습니다.
	at org.apache.catalina.connector.Connector.initInternal(Connector.java:983)
	at org.apache.catalina.util.LifecycleBase.init(LifecycleBase.java:136)
	at org.apache.catalina.core.StandardService.initInternal(StandardService.java:535)
	at org.apache.catalina.util.LifecycleBase.init(LifecycleBase.java:136)
	at org.apache.catalina.core.StandardServer.initInternal(StandardServer.java:1055)
	at org.apache.catalina.util.LifecycleBase.init(LifecycleBase.java:136)
	at org.apache.catalina.startup.Catalina.load(Catalina.java:585)
	at org.apache.catalina.startup.Catalina.load(Catalina.java:608)
	at sun.reflect.NativeMethodAccessorImpl.invoke0(Native Method)
	at sun.reflect.NativeMethodAccessorImpl.invoke(NativeMethodAccessorImpl.java:62)
	at sun.reflect.DelegatingMethodAccessorImpl.invoke(DelegatingMethodAccessorImpl.java:43)
	at java.lang.reflect.Method.invoke(Method.java:498)
	at org.apache.catalina.startup.Bootstrap.load(Bootstrap.java:306)
	at org.apache.catalina.startup.Bootstrap.main(Bootstrap.java:491)
Caused by: java.net.BindException: Address already in use: bind
	at sun.nio.ch.Net.bind0(Native Method)
	at sun.nio.ch.Net.bind(Net.java:433)
	at sun.nio.ch.Net.bind(Net.java:425)
	at sun.nio.ch.ServerSocketChannelImpl.bind(ServerSocketChannelImpl.java:223)
	at sun.nio.ch.ServerSocketAdaptor.bind(ServerSocketAdaptor.java:74)
	at org.apache.tomcat.util.net.NioEndpoint.initServerSocket(NioEndpoint.java:236)
	at org.apache.tomcat.util.net.NioEndpoint.bind(NioEndpoint.java:210)
	at org.apache.tomcat.util.net.AbstractEndpoint.bindWithCleanup(AbstractEndpoint.java:1103)
	at org.apache.tomcat.util.net.AbstractEndpoint.init(AbstractEndpoint.java:1116)
	at org.apache.coyote.AbstractProtocol.init(AbstractProtocol.java:557)
	at org.apache.coyote.http11.AbstractHttp11Protocol.init(AbstractHttp11Protocol.java:74)
	at org.apache.catalina.connector.Connector.initInternal(Connector.java:980)
	... 13 more

28-Mar-2019 11:09:23.277 정보 [main] org.apache.coyote.AbstractProtocol.init 프로토콜 핸들러 ["ajp-nio-8009"]을(를) 초기화합니다.
28-Mar-2019 11:09:23.310 정보 [main] org.apache.catalina.startup.Catalina.load [1,350] 밀리초 내에 서버가 초기화되었습니다.
28-Mar-2019 11:09:23.423 정보 [main] org.apache.catalina.core.StandardService.startInternal 서비스 [Catalina]을(를) 시작합니다.
28-Mar-2019 11:09:23.425 정보 [main] org.apache.catalina.core.StandardEngine.startInternal 서버 엔진을 시작합니다: [Apache Tomcat/9.0.17]
28-Mar-2019 11:09:23.438 정보 [main] org.apache.catalina.startup.HostConfig.deployDirectory 웹 애플리케이션 디렉토리 [C:\FrontEndBackEnd\WEB\Utils\apache-tomcat-9.0.17\webapps\docs]을(를) 배치합니다.
28-Mar-2019 11:09:23.755 정보 [main] org.apache.catalina.startup.HostConfig.deployDirectory 웹 애플리케이션 디렉토리 [C:\FrontEndBackEnd\WEB\Utils\apache-tomcat-9.0.17\webapps\docs]에 대한 배치가 [317] 밀리초에 완료되었습니다.
28-Mar-2019 11:09:23.756 정보 [main] org.apache.catalina.startup.HostConfig.deployDirectory 웹 애플리케이션 디렉토리 [C:\FrontEndBackEnd\WEB\Utils\apache-tomcat-9.0.17\webapps\examples]을(를) 배치합니다.
28-Mar-2019 11:09:23.961 정보 [main] org.apache.catalina.startup.HostConfig.deployDirectory 웹 애플리케이션 디렉토리 [C:\FrontEndBackEnd\WEB\Utils\apache-tomcat-9.0.17\webapps\examples]에 대한 배치가 [205] 밀리초에 완료되었습니다.
28-Mar-2019 11:09:23.963 정보 [main] org.apache.catalina.startup.HostConfig.deployDirectory 웹 애플리케이션 디렉토리 [C:\FrontEndBackEnd\WEB\Utils\apache-tomcat-9.0.17\webapps\host-manager]을(를) 배치합니다.
28-Mar-2019 11:09:23.989 정보 [main] org.apache.catalina.startup.HostConfig.deployDirectory 웹 애플리케이션 디렉토리 [C:\FrontEndBackEnd\WEB\Utils\apache-tomcat-9.0.17\webapps\host-manager]에 대한 배치가 [26] 밀리초에 완료되었습니다.
28-Mar-2019 11:09:23.990 정보 [main] org.apache.catalina.startup.HostConfig.deployDirectory 웹 애플리케이션 디렉토리 [C:\FrontEndBackEnd\WEB\Utils\apache-tomcat-9.0.17\webapps\manager]을(를) 배치합니다.
28-Mar-2019 11:09:24.006 정보 [main] org.apache.catalina.startup.HostConfig.deployDirectory 웹 애플리케이션 디렉토리 [C:\FrontEndBackEnd\WEB\Utils\apache-tomcat-9.0.17\webapps\manager]에 대한 배치가 [15] 밀리초에 완료되었습니다.
28-Mar-2019 11:09:24.007 정보 [main] org.apache.catalina.startup.HostConfig.deployDirectory 웹 애플리케이션 디렉토리 [C:\FrontEndBackEnd\WEB\Utils\apache-tomcat-9.0.17\webapps\ROOT]을(를) 배치합니다.
28-Mar-2019 11:09:24.020 정보 [main] org.apache.catalina.startup.HostConfig.deployDirectory 웹 애플리케이션 디렉토리 [C:\FrontEndBackEnd\WEB\Utils\apache-tomcat-9.0.17\webapps\ROOT]에 대한 배치가 [13] 밀리초에 완료되었습니다.
28-Mar-2019 11:09:24.024 정보 [main] org.apache.coyote.AbstractProtocol.start 프로토콜 핸들러 ["ajp-nio-8009"]을(를) 시작합니다.
28-Mar-2019 11:09:24.032 정보 [main] org.apache.catalina.startup.Catalina.start 서버가 [721] 밀리초 내에 시작되었습니다.
28-Mar-2019 11:09:37.544 정보 [main] org.apache.catalina.core.StandardServer.await 셧다운 포트를 통해 유효한 셧다운 명령을 받았습니다. 서버 인스턴스를 중지시킵니다.
28-Mar-2019 11:09:37.545 정보 [main] org.apache.coyote.AbstractProtocol.pause 프로토콜 핸들러 ["http-nio-8080"]을(를) 일시 정지 중
28-Mar-2019 11:09:37.546 정보 [main] org.apache.coyote.AbstractProtocol.pause 프로토콜 핸들러 ["ajp-nio-8009"]을(를) 일시 정지 중
28-Mar-2019 11:09:37.567 정보 [main] org.apache.catalina.core.StandardService.stopInternal 서비스 [Catalina]을(를) 중지시킵니다.
28-Mar-2019 11:09:37.608 정보 [main] org.apache.coyote.AbstractProtocol.stop 프로토콜 핸들러 ["ajp-nio-8009"]을(를) 중지시킵니다.
28-Mar-2019 11:09:37.611 정보 [main] org.apache.coyote.AbstractProtocol.stop 프로토콜 핸들러 ["http-nio-8080"]을(를) 중지시킵니다.
28-Mar-2019 11:09:37.611 정보 [main] org.apache.coyote.AbstractProtocol.destroy 프로토콜 핸들러 ["http-nio-8080"]을(를) 소멸시킵니다.
28-Mar-2019 11:09:37.613 정보 [main] org.apache.coyote.AbstractProtocol.destroy 프로토콜 핸들러 ["ajp-nio-8009"]을(를) 소멸시킵니다.
28-Mar-2019 11:09:52.087 정보 [main] org.apache.catalina.startup.VersionLoggerListener.log 서버 버전 이름:        Apache Tomcat/9.0.17
28-Mar-2019 11:09:52.087 정보 [main] org.apache.catalina.startup.VersionLoggerListener.log Server 빌드 시각:          Mar 13 2019 15:55:27 UTC
28-Mar-2019 11:09:52.087 정보 [main] org.apache.catalina.startup.VersionLoggerListener.log Server 버전 번호:         9.0.17.0
28-Mar-2019 11:09:52.087 정보 [main] org.apache.catalina.startup.VersionLoggerListener.log 운영체제 이름:               Windows 7
28-Mar-2019 11:09:52.087 정보 [main] org.apache.catalina.startup.VersionLoggerListener.log 운영체제 버전:            6.1
28-Mar-2019 11:09:52.102 정보 [main] org.apache.catalina.startup.VersionLoggerListener.log 아키텍처:          amd64
28-Mar-2019 11:09:52.102 정보 [main] org.apache.catalina.startup.VersionLoggerListener.log 자바 홈:             C:\Program Files\Java\jdk1.8.0_201\jre
28-Mar-2019 11:09:52.102 정보 [main] org.apache.catalina.startup.VersionLoggerListener.log JVM 버전:           1.8.0_201-b09
28-Mar-2019 11:09:52.102 정보 [main] org.apache.catalina.startup.VersionLoggerListener.log JVM 벤더:            Oracle Corporation
28-Mar-2019 11:09:52.102 정보 [main] org.apache.catalina.startup.VersionLoggerListener.log CATALINA_BASE:         C:\FrontEndBackEnd\WEB\Utils\apache-tomcat-9.0.17
28-Mar-2019 11:09:52.102 정보 [main] org.apache.catalina.startup.VersionLoggerListener.log CATALINA_HOME:         C:\FrontEndBackEnd\WEB\Utils\apache-tomcat-9.0.17
28-Mar-2019 11:09:52.102 정보 [main] org.apache.catalina.startup.VersionLoggerListener.log 명령 행 아규먼트: -Djava.util.logging.config.file=C:\FrontEndBackEnd\WEB\Utils\apache-tomcat-9.0.17\conf\logging.properties
28-Mar-2019 11:09:52.102 정보 [main] org.apache.catalina.startup.VersionLoggerListener.log 명령 행 아규먼트: -Djava.util.logging.manager=org.apache.juli.ClassLoaderLogManager
28-Mar-2019 11:09:52.102 정보 [main] org.apache.catalina.startup.VersionLoggerListener.log 명령 행 아규먼트: -Djdk.tls.ephemeralDHKeySize=2048
28-Mar-2019 11:09:52.102 정보 [main] org.apache.catalina.startup.VersionLoggerListener.log 명령 행 아규먼트: -Djava.protocol.handler.pkgs=org.apache.catalina.webresources
28-Mar-2019 11:09:52.102 정보 [main] org.apache.catalina.startup.VersionLoggerListener.log 명령 행 아규먼트: -Dignore.endorsed.dirs=
28-Mar-2019 11:09:52.102 정보 [main] org.apache.catalina.startup.VersionLoggerListener.log 명령 행 아규먼트: -Dcatalina.base=C:\FrontEndBackEnd\WEB\Utils\apache-tomcat-9.0.17
28-Mar-2019 11:09:52.102 정보 [main] org.apache.catalina.startup.VersionLoggerListener.log 명령 행 아규먼트: -Dcatalina.home=C:\FrontEndBackEnd\WEB\Utils\apache-tomcat-9.0.17
28-Mar-2019 11:09:52.118 정보 [main] org.apache.catalina.startup.VersionLoggerListener.log 명령 행 아규먼트: -Djava.io.tmpdir=C:\FrontEndBackEnd\WEB\Utils\apache-tomcat-9.0.17\temp
28-Mar-2019 11:09:52.118 정보 [main] org.apache.catalina.core.AprLifecycleListener.lifecycleEvent 프로덕션 환경들에서 최적의 성능을 제공하는, APR 기반 Apache Tomcat Native 라이브러리가, 다음 java.library.path에서 발견되지 않습니다: [C:\Program Files\Java\jdk1.8.0_201\bin;C:\Windows\Sun\Java\bin;C:\Windows\system32;C:\Windows;C:\oraclexe\app\oracle\product\11.2.0\server\bin;;C:\Program Files (x86)\Common Files\Oracle\Java\javapath;C:\Program Files (x86)\Common Files\Oracle\Java\javapath%;SystemRoot%;\system32;C:\Windows;C:\Windows;\System32;\Wbem;C:\Windows;\System32\WindowsPowerShell\v1.0\bin;C:\Program Files\Java\jdk1.8.0_201\bin;C:\Program Files\Git\cmd;C:\Users\USER\AppData\Local\GitHubDesktop\bin;C:\Windows\System32;;C:\Program Files\JetBrains\DataGrip 2018.3.4\bin;;C:\Program Files\JetBrains\IntelliJ IDEA Educational Edition 2018.3.1\bin;;C:\Users\USER\AppData\Local\Programs\Microsoft VS Code\bin;.]
28-Mar-2019 11:09:52.196 정보 [main] org.apache.coyote.AbstractProtocol.init 프로토콜 핸들러 ["http-nio-8080"]을(를) 초기화합니다.
28-Mar-2019 11:09:52.243 심각 [main] org.apache.catalina.util.LifecycleBase.handleSubClassException 구성요소 [Connector[HTTP/1.1-8080]]을(를) 초기화하지 못했습니다.
 org.apache.catalina.LifecycleException: 프로토콜 핸들러 초기화가 실패했습니다.
	at org.apache.catalina.connector.Connector.initInternal(Connector.java:983)
	at org.apache.catalina.util.LifecycleBase.init(LifecycleBase.java:136)
	at org.apache.catalina.core.StandardService.initInternal(StandardService.java:535)
	at org.apache.catalina.util.LifecycleBase.init(LifecycleBase.java:136)
	at org.apache.catalina.core.StandardServer.initInternal(StandardServer.java:1055)
	at org.apache.catalina.util.LifecycleBase.init(LifecycleBase.java:136)
	at org.apache.catalina.startup.Catalina.load(Catalina.java:585)
	at org.apache.catalina.startup.Catalina.load(Catalina.java:608)
	at sun.reflect.NativeMethodAccessorImpl.invoke0(Native Method)
	at sun.reflect.NativeMethodAccessorImpl.invoke(NativeMethodAccessorImpl.java:62)
	at sun.reflect.DelegatingMethodAccessorImpl.invoke(DelegatingMethodAccessorImpl.java:43)
	at java.lang.reflect.Method.invoke(Method.java:498)
	at org.apache.catalina.startup.Bootstrap.load(Bootstrap.java:306)
	at org.apache.catalina.startup.Bootstrap.main(Bootstrap.java:491)
Caused by: java.net.BindException: Address already in use: bind
	at sun.nio.ch.Net.bind0(Native Method)
	at sun.nio.ch.Net.bind(Net.java:433)
	at sun.nio.ch.Net.bind(Net.java:425)
	at sun.nio.ch.ServerSocketChannelImpl.bind(ServerSocketChannelImpl.java:223)
	at sun.nio.ch.ServerSocketAdaptor.bind(ServerSocketAdaptor.java:74)
	at org.apache.tomcat.util.net.NioEndpoint.initServerSocket(NioEndpoint.java:236)
	at org.apache.tomcat.util.net.NioEndpoint.bind(NioEndpoint.java:210)
	at org.apache.tomcat.util.net.AbstractEndpoint.bindWithCleanup(AbstractEndpoint.java:1103)
	at org.apache.tomcat.util.net.AbstractEndpoint.init(AbstractEndpoint.java:1116)
	at org.apache.coyote.AbstractProtocol.init(AbstractProtocol.java:557)
	at org.apache.coyote.http11.AbstractHttp11Protocol.init(AbstractHttp11Protocol.java:74)
	at org.apache.catalina.connector.Connector.initInternal(Connector.java:980)
	... 13 more

28-Mar-2019 11:09:52.243 정보 [main] org.apache.coyote.AbstractProtocol.init 프로토콜 핸들러 ["ajp-nio-8009"]을(를) 초기화합니다.
28-Mar-2019 11:09:52.258 정보 [main] org.apache.catalina.startup.Catalina.load [438] 밀리초 내에 서버가 초기화되었습니다.
28-Mar-2019 11:09:52.305 정보 [main] org.apache.catalina.core.StandardService.startInternal 서비스 [Catalina]을(를) 시작합니다.
28-Mar-2019 11:09:52.305 정보 [main] org.apache.catalina.core.StandardEngine.startInternal 서버 엔진을 시작합니다: [Apache Tomcat/9.0.17]
28-Mar-2019 11:09:52.305 정보 [main] org.apache.catalina.startup.HostConfig.deployDirectory 웹 애플리케이션 디렉토리 [C:\FrontEndBackEnd\WEB\Utils\apache-tomcat-9.0.17\webapps\docs]을(를) 배치합니다.
28-Mar-2019 11:09:52.492 정보 [main] org.apache.catalina.startup.HostConfig.deployDirectory 웹 애플리케이션 디렉토리 [C:\FrontEndBackEnd\WEB\Utils\apache-tomcat-9.0.17\webapps\docs]에 대한 배치가 [187] 밀리초에 완료되었습니다.
28-Mar-2019 11:09:52.492 정보 [main] org.apache.catalina.startup.HostConfig.deployDirectory 웹 애플리케이션 디렉토리 [C:\FrontEndBackEnd\WEB\Utils\apache-tomcat-9.0.17\webapps\examples]을(를) 배치합니다.
28-Mar-2019 11:09:52.679 정보 [main] org.apache.catalina.startup.HostConfig.deployDirectory 웹 애플리케이션 디렉토리 [C:\FrontEndBackEnd\WEB\Utils\apache-tomcat-9.0.17\webapps\examples]에 대한 배치가 [187] 밀리초에 완료되었습니다.
28-Mar-2019 11:09:52.679 정보 [main] org.apache.catalina.startup.HostConfig.deployDirectory 웹 애플리케이션 디렉토리 [C:\FrontEndBackEnd\WEB\Utils\apache-tomcat-9.0.17\webapps\host-manager]을(를) 배치합니다.
28-Mar-2019 11:09:52.695 정보 [main] org.apache.catalina.startup.HostConfig.deployDirectory 웹 애플리케이션 디렉토리 [C:\FrontEndBackEnd\WEB\Utils\apache-tomcat-9.0.17\webapps\host-manager]에 대한 배치가 [16] 밀리초에 완료되었습니다.
28-Mar-2019 11:09:52.695 정보 [main] org.apache.catalina.startup.HostConfig.deployDirectory 웹 애플리케이션 디렉토리 [C:\FrontEndBackEnd\WEB\Utils\apache-tomcat-9.0.17\webapps\manager]을(를) 배치합니다.
28-Mar-2019 11:09:52.711 정보 [main] org.apache.catalina.startup.HostConfig.deployDirectory 웹 애플리케이션 디렉토리 [C:\FrontEndBackEnd\WEB\Utils\apache-tomcat-9.0.17\webapps\manager]에 대한 배치가 [16] 밀리초에 완료되었습니다.
28-Mar-2019 11:09:52.711 정보 [main] org.apache.catalina.startup.HostConfig.deployDirectory 웹 애플리케이션 디렉토리 [C:\FrontEndBackEnd\WEB\Utils\apache-tomcat-9.0.17\webapps\ROOT]을(를) 배치합니다.
28-Mar-2019 11:09:52.726 정보 [main] org.apache.catalina.startup.HostConfig.deployDirectory 웹 애플리케이션 디렉토리 [C:\FrontEndBackEnd\WEB\Utils\apache-tomcat-9.0.17\webapps\ROOT]에 대한 배치가 [15] 밀리초에 완료되었습니다.
28-Mar-2019 11:09:52.726 정보 [main] org.apache.coyote.AbstractProtocol.start 프로토콜 핸들러 ["ajp-nio-8009"]을(를) 시작합니다.
28-Mar-2019 11:09:52.742 정보 [main] org.apache.catalina.startup.Catalina.start 서버가 [480] 밀리초 내에 시작되었습니다.
